[32m[I 2026-08-06 22:42:11,226][0m Trial 48 finished with value: 0.41332719042593685 and parameters: {'depth': 10, 'learning_rate': 0.026755842395612073, 'iterations': 2567, 'l2_leaf_reg': 6.916287364024076, 'random_strength': 1.074427672404356, 'bagging_temperature': 9.231465652320527, 'border_count': 50, 'one_hot_max_size': 12, 'leaf_estimation_iterations': 6, 'min_data_in_leaf': 7}. Best is trial 38 with value: 0.4032959953090514.[0m
[32m[I 2026-08-06 22:46:07,530][0m Trial 49 finished with value: 0.41737150074590945 and parameters: {'depth': 9, 'learning_rate': 0.02601038484383321, 'iterations': 2868, 'l2_leaf_reg': 15.97650313421421, 'random_strength': 1.5836606016077934, 'bagging_temperature': 8.738004483759207, 'border_count': 94, 'one_hot_max_size': 25, 'leaf_estimation_iterations': 3, 'min_data_in_leaf': 11}. Best is trial 38 with value: 0.4032959953090514.[0m

------------------------------------------------------------
All Trial CV Results:
Trial  Mean RMSE  Std RMSE  CV Scores
------------------------------------------------------------
    0     0.4353
    1     0.4389
    2     0.4232
    3     0.5111
    4     0.4428
    5     0.4244
    6     0.4143
    7     0.4777
    8     0.4221
    9     0.4247
   10     0.4359
   11     0.4196
   12     0.4202
   13     0.4343
   14     0.4233
   15     0.4274
   16     0.4183
   17     0.4222
   18     0.4221
   19     0.4180
   20     0.4244
   21     0.4192
   22     0.4299
   23     0.4178
   24     0.4383
   25     0.4304
   26     0.4138
   27     0.4262
   28     0.4290
   29     0.4339
   30     0.4191
   31     0.4177
   32     0.4480
   33     0.4214
   34     0.4251
   35     0.4219
   36     0.4295
   37     0.4373
   38     0.4033
   39     0.4144
   40     0.4202
   41     0.4142
   42     0.4102
   43     0.4114
   44     0.4145
   45     0.4324
   46     0.4165
   47     0.4141
   48     0.4133
   49     0.4174
------------------------------------------------------------

=== Best Trial ===
  CV RMSE: 0.403296
  Params:  {'depth': 7, 'learning_rate': 0.012662726253696303, 'iterations': 2622, 'l2_leaf_reg': 3.798575895498058, 'random_strength': 1.6018204200941597, 'bagging_temperature': 7.953001382663885, 'border_count': 42, 'one_hot_max_size': 21, 'leaf_estimation_iterations': 6, 'min_data_in_leaf': 8}

Parameter Importance:
  l2_leaf_reg: 0.4657
  random_strength: 0.2069
  learning_rate: 0.1625
  iterations: 0.0727
  border_count: 0.0315
  bagging_temperature: 0.0257
  depth: 0.0194
  min_data_in_leaf: 0.0097
  one_hot_max_size: 0.0035
  leaf_estimation_iterations: 0.0023

============================================================
Training Final Model with Best Hyperparameters
============================================================
0:	learn: 0.8334968	test: 0.7929038	best: 0.7929038 (0)	total: 5.66ms	remaining: 17s
50:	learn: 0.6566280	test: 0.5792586	best: 0.5792586 (50)	total: 359ms	remaining: 20.7s
100:	learn: 0.5594997	test: 0.4654823	best: 0.4654823 (100)	total: 777ms	remaining: 22.3s
150:	learn: 0.4967863	test: 0.4108195	best: 0.4108195 (150)	total: 1.19s	remaining: 22.5s
200:	learn: 0.4519316	test: 0.3751055	best: 0.3751055 (200)	total: 1.64s	remaining: 22.8s
250:	learn: 0.4162963	test: 0.3524668	best: 0.3524668 (250)	total: 2.06s	remaining: 22.5s
300:	learn: 0.3847594	test: 0.3371647	best: 0.3371647 (300)	total: 2.48s	remaining: 22.2s
350:	learn: 0.3547504	test: 0.3252410	best: 0.3252410 (350)	total: 2.9s	remaining: 21.9s
400:	learn: 0.3310339	test: 0.3175491	best: 0.3175491 (400)	total: 3.33s	remaining: 21.6s
450:	learn: 0.3076101	test: 0.3094174	best: 0.3094138 (448)	total: 3.76s	remaining: 21.2s
500:	learn: 0.2858899	test: 0.3031413	best: 0.3031413 (500)	total: 4.17s	remaining: 20.8s
550:	learn: 0.2624947	test: 0.2975879	best: 0.2975215 (549)	total: 4.59s	remaining: 20.4s
600:	learn: 0.2418962	test: 0.2956752	best: 0.2956103 (599)	total: 5.01s	remaining: 20s
650:	learn: 0.2230379	test: 0.2947137	best: 0.2946021 (648)	total: 5.47s	remaining: 19.7s
700:	learn: 0.2036233	test: 0.2938120	best: 0.2938120 (700)	total: 5.9s	remaining: 19.4s
750:	learn: 0.1866760	test: 0.2929314	best: 0.2924510 (738)	total: 6.32s	remaining: 18.9s
800:	learn: 0.1687505	test: 0.2914693	best: 0.2913508 (799)	total: 6.74s	remaining: 18.5s
850:	learn: 0.1556384	test: 0.2897489	best: 0.2896896 (849)	total: 7.17s	remaining: 18.1s
900:	learn: 0.1425258	test: 0.2893186	best: 0.2890278 (892)	total: 7.6s	remaining: 17.7s
950:	learn: 0.1308573	test: 0.2890883	best: 0.2889916 (945)	total: 8.03s	remaining: 17.3s
1000:	learn: 0.1204959	test: 0.2884073	best: 0.2883634 (999)	total: 8.45s	remaining: 16.9s
1050:	learn: 0.1113408	test: 0.2893062	best: 0.2882601 (1012)	total: 8.87s	remaining: 16.5s
1100:	learn: 0.1035682	test: 0.2903252	best: 0.2882601 (1012)	total: 9.29s	remaining: 16s
1150:	learn: 0.0969757	test: 0.2913747	best: 0.2882601 (1012)	total: 9.74s	remaining: 15.6s
Stopped by overfitting detector  (150 iterations wait)

bestTest = 0.288260089
bestIteration = 1012

Shrink model to first 1013 iterations.

============================================================
Test Evaluation
============================================================
  Test MSE:  0.2825
  Test RMSE: 0.5315

============================================================
Top 20 Feature Importances
============================================================
   1. maccs_101                  4.9
   2. maccs_105                  4.0
   3. brics_10                   2.4
   4. atom_mean_48               1.9
   5. atom_mean_26               1.6
   6. NumRings                   1.5
   7. MolWt                      1.5
   8. brics_2                    1.5
   9. atom_mean_20               1.5
  10. atom_std_48                1.4
  11. brics_29                   1.4
  12. atom_std_20                1.3
  13. atom_std_26                1.3
  14. tail_ratio                 1.3
  15. NAtoms                     1.2
  16. brics_32                   1.2
  17. head_ratio                 1.2
  18. TPSA                       1.1
  19. atom_std_25                1.1
  20. atom_mean_13               1.0

Plot saved to runs\Area_min\Area_min_catboost_20260806_205305\pred_vs_true.png
Model saved to runs\Area_min\Area_min_catboost_20260806_205305\model.pkl

============================================================
SUMMARY - CatBoost + PharmHGT Features
============================================================
  Features:  522-dim (atom_agg + bond_agg + MACCS + BRICS + surfactant + descriptors)
  Train:     531 (val 76)
  Test:      70
  Optuna:    50 trials, 5-fold CV
  Best CV RMSE: 0.4033
  Test RMSE: 0.5315
  Test MAE:  0.2908
  Test R²:   0.5664

指标已保存: runs\Area_min\Area_min_catboost_20260806_205305\metrics.json
索引已更新: runs\Area_min\_runs_index.csv
索引已更新: runs\_runs_index.csv
