[32m[I 2026-08-02 13:26:12,338][0m Trial 49 finished with value: 0.4629524268370542 and parameters: {'depth': 6, 'learning_rate': 0.0373012184066127, 'iterations': 2678, 'l2_leaf_reg': 4.379481639026416, 'random_strength': 0.6060334387879822, 'bagging_temperature': 2.4904315825863614, 'border_count': 224, 'one_hot_max_size': 34, 'leaf_estimation_iterations': 8, 'min_data_in_leaf': 27}. Best is trial 17 with value: 0.46217729100182103.[0m

------------------------------------------------------------
All Trial CV Results:
Trial  Mean RMSE  Std RMSE  CV Scores
------------------------------------------------------------
    0     0.4876
    1     0.4984
    2     0.4923
    3     0.6224
    4     0.5166
    5     0.4725
    6     0.4686
    7     0.6078
    8     0.4781
    9     0.4777
   10     0.4666
   11     0.4626
   12     0.4695
   13     0.4803
   14     0.4651
   15     0.4704
   16     0.4706
   17     0.4622
   18     0.4650
   19     0.4710
   20     0.4746
   21     0.4661
   22     0.4726
   23     0.4653
   24     0.4680
   25     0.4849
   26     0.4701
   27     0.4688
   28     0.4648
   29     0.4727
   30     0.4694
   31     0.4733
   32     0.4691
   33     0.4623
   34     0.4676
   35     0.6753
   36     0.4717
   37     0.4659
   38     0.4688
   39     0.4743
   40     0.5981
   41     0.4696
   42     0.4680
   43     0.4634
   44     0.4643
   45     0.4625
   46     0.4650
   47     0.4638
   48     0.4694
   49     0.4630
------------------------------------------------------------

=== Best Trial ===
  CV RMSE: 0.462177
  Params:  {'depth': 5, 'learning_rate': 0.03664217743180425, 'iterations': 1566, 'l2_leaf_reg': 5.957481434357551, 'random_strength': 1.2271833662437888, 'bagging_temperature': 9.026571487153403, 'border_count': 224, 'one_hot_max_size': 43, 'leaf_estimation_iterations': 9, 'min_data_in_leaf': 42}

Parameter Importance:
  one_hot_max_size: 0.3189
  l2_leaf_reg: 0.2358
  min_data_in_leaf: 0.1356
  learning_rate: 0.1057
  iterations: 0.0897
  random_strength: 0.0503
  border_count: 0.0445
  depth: 0.0079
  bagging_temperature: 0.0063
  leaf_estimation_iterations: 0.0053

============================================================
Training Final Model with Best Hyperparameters
============================================================
0:	learn: 1.0538922	test: 1.1578703	best: 1.1578703 (0)	total: 4.01ms	remaining: 12s
50:	learn: 0.6838603	test: 0.7572011	best: 0.7572011 (50)	total: 196ms	remaining: 11.3s
100:	learn: 0.5585498	test: 0.6389257	best: 0.6389257 (100)	total: 388ms	remaining: 11.1s
150:	learn: 0.4896209	test: 0.5902789	best: 0.5902789 (150)	total: 590ms	remaining: 11.1s
200:	learn: 0.4355637	test: 0.5540977	best: 0.5540668 (198)	total: 787ms	remaining: 11s
250:	learn: 0.3868637	test: 0.5332088	best: 0.5332088 (250)	total: 984ms	remaining: 10.8s
300:	learn: 0.3492084	test: 0.5193759	best: 0.5193627 (299)	total: 1.18s	remaining: 10.6s
350:	learn: 0.3193505	test: 0.5092942	best: 0.5092942 (350)	total: 1.4s	remaining: 10.6s
400:	learn: 0.2949817	test: 0.5039230	best: 0.5037423 (399)	total: 1.63s	remaining: 10.6s
450:	learn: 0.2734595	test: 0.5010846	best: 0.5008909 (445)	total: 1.88s	remaining: 10.6s
500:	learn: 0.2546077	test: 0.4975270	best: 0.4975270 (500)	total: 2.13s	remaining: 10.6s
550:	learn: 0.2370786	test: 0.4970058	best: 0.4967910 (540)	total: 2.37s	remaining: 10.6s
600:	learn: 0.2227996	test: 0.4967375	best: 0.4963233 (584)	total: 2.62s	remaining: 10.4s
650:	learn: 0.2115124	test: 0.4973652	best: 0.4963233 (584)	total: 2.84s	remaining: 10.3s
700:	learn: 0.1994360	test: 0.4969015	best: 0.4962836 (681)	total: 3.07s	remaining: 10.1s
750:	learn: 0.1890537	test: 0.4978414	best: 0.4962836 (681)	total: 3.3s	remaining: 9.89s
800:	learn: 0.1791683	test: 0.4980213	best: 0.4962836 (681)	total: 3.54s	remaining: 9.71s
Stopped by overfitting detector  (150 iterations wait)

bestTest = 0.4962836179
bestIteration = 681

Shrink model to first 682 iterations.

============================================================
Test Evaluation
============================================================
  Test MSE:  0.1794
  Test RMSE: 0.4235

============================================================
Top 20 Feature Importances
============================================================
   1. LogP                       10.7
   2. HeavyAtoms                 8.5
   3. NAtoms                     5.1
   4. MolWt                      5.1
   5. tail_ratio                 2.8
   6. atom_mean_16               2.8
   7. atom_std_46                2.6
   8. atom_mean_46               2.2
   9. maccs_101                  1.9
  10. atom_std_47                1.6
  11. maccs_105                  1.5
  12. atom_std_35                1.4
  13. atom_std_22                1.4
  14. atom_mean_47               1.4
  15. atom_mean_35               1.4
  16. RotBonds                   1.4
  17. atom_std_54                1.2
  18. brics_0                    1.1
  19. atom_std_16                1.1
  20. atom_mean_18               1.0

Plot saved to runs\pCMC\pCMC_catboost_20260802_121541\pred_vs_true.png
Model saved to runs\pCMC\pCMC_catboost_20260802_121541\model.pkl

============================================================
SUMMARY - CatBoost + PharmHGT Features
============================================================
  Features:  522-dim (atom_agg + bond_agg + MACCS + BRICS + surfactant + descriptors)
  Train:     1053 (val 151)
  Test:      140
  Optuna:    50 trials, 5-fold CV
  Best CV RMSE: 0.4622
  Test RMSE: 0.4235
  Test MAE:  0.2953
  Test R²:   0.8548

指标已保存: runs\pCMC\pCMC_catboost_20260802_121541\metrics.json
索引已更新: runs\pCMC\_runs_index.csv
索引已更新: runs\_runs_index.csv
