============================================================
catboost — 运行开始  20260802_121541
  输出目录:  runs\pCMC\pCMC_catboost_20260802_121541
============================================================
============================================================
CatBoost + PharmHGT-style Featurization for LogCMC (pCMC) Prediction
============================================================
[Cache HIT] Loading features from data\features\surfpro\pCMC
  Train features: (1204, 522)
  Test features:  (140, 522)

Split: Train 1053, Val 151, Test 140

============================================================
Optuna Hyperparameter Tuning (50 trials, 5-Fold CV)
============================================================
[32m[I 2026-08-02 12:15:51,882][0m Trial 0 finished with value: 0.48758618315433006 and parameters: {'depth': 6, 'learning_rate': 0.24517932047070642, 'iterations': 2330, 'l2_leaf_reg': 10.401663679887308, 'random_strength': 1.5601864044243652, 'bagging_temperature': 1.5599452033620265, 'border_count': 45, 'one_hot_max_size': 44, 'leaf_estimation_iterations': 7, 'min_data_in_leaf': 36}. Best is trial 0 with value: 0.48758618315433006.[0m
[32m[I 2026-08-02 12:15:55,371][0m Trial 1 finished with value: 0.4983706481965383 and parameters: {'depth': 4, 'learning_rate': 0.2652261985899886, 'iterations': 2581, 'l2_leaf_reg': 2.2948683681130553, 'random_strength': 1.8182496720710062, 'bagging_temperature': 1.8340450985343382, 'border_count': 100, 'one_hot_max_size': 27, 'leaf_estimation_iterations': 5, 'min_data_in_leaf': 15}. Best is trial 0 with value: 0.48758618315433006.[0m
[32m[I 2026-08-02 12:17:34,286][0m Trial 2 finished with value: 0.49226051356127076 and parameters: {'depth': 8, 'learning_rate': 0.008851384099881301, 'iterations': 1230, 'l2_leaf_reg': 4.192159350410974, 'random_strength': 4.56069984217036, 'bagging_temperature': 7.851759613930136, 'border_count': 76, 'one_hot_max_size': 27, 'leaf_estimation_iterations': 6, 'min_data_in_leaf': 3}. Best is trial 0 with value: 0.48758618315433006.[0m
[32m[I 2026-08-02 12:18:21,261][0m Trial 3 finished with value: 0.6223892669594683 and parameters: {'depth': 8, 'learning_rate': 0.0100505004670421, 'iterations': 662, 'l2_leaf_reg': 40.938136085987814, 'random_strength': 9.656320330745594, 'bagging_temperature': 8.08397348116461, 'border_count': 100, 'one_hot_max_size': 6, 'leaf_estimation_iterations': 7, 'min_data_in_leaf': 23}. Best is trial 0 with value: 0.48758618315433006.[0m
[32m[I 2026-08-02 12:18:29,909][0m Trial 4 finished with value: 0.5165832396126643 and parameters: {'depth': 4, 'learning_rate': 0.03797252233376349, 'iterations': 586, 'l2_leaf_reg': 35.06776499297218, 'random_strength': 2.587799816000169, 'bagging_temperature': 6.62522284353982, 'border_count': 101, 'one_hot_max_size': 27, 'leaf_estimation_iterations': 6, 'min_data_in_leaf': 10}. Best is trial 0 with value: 0.48758618315433006.[0m
[32m[I 2026-08-02 12:27:40,743][0m Trial 5 finished with value: 0.4725271128212212 and parameters: {'depth': 10, 'learning_rate': 0.11947399979512872, 'iterations': 2849, 'l2_leaf_reg': 33.13483615508948, 'random_strength': 5.978999788110851, 'bagging_temperature': 9.218742350231167, 'border_count': 51, 'one_hot_max_size': 11, 'leaf_estimation_iterations': 1, 'min_data_in_leaf': 17}. Best is trial 5 with value: 0.4725271128212212.[0m
[32m[I 2026-08-02 12:29:01,877][0m Trial 6 finished with value: 0.4685940224265095 and parameters: {'depth': 6, 'learning_rate': 0.015186917176306207, 'iterations': 2572, 'l2_leaf_reg': 4.037506188440754, 'random_strength': 2.8093450968738076, 'bagging_temperature': 5.426960831582485, 'border_count': 63, 'one_hot_max_size': 41, 'leaf_estimation_iterations': 1, 'min_data_in_leaf': 50}. Best is trial 6 with value: 0.4685940224265095.[0m
[32m[I 2026-08-02 12:29:48,400][0m Trial 7 pruned. [0m
[32m[I 2026-08-02 12:35:55,727][0m Trial 8 finished with value: 0.4781228716754896 and parameters: {'depth': 10, 'learning_rate': 0.06416354462323627, 'iterations': 1327, 'l2_leaf_reg': 1.2822825454807552, 'random_strength': 3.109823217156622, 'bagging_temperature': 3.2518332202674705, 'border_count': 195, 'one_hot_max_size': 33, 'leaf_estimation_iterations': 9, 'min_data_in_leaf': 24}. Best is trial 6 with value: 0.4685940224265095.[0m
[32m[I 2026-08-02 12:36:23,909][0m Trial 9 finished with value: 0.47766055161059634 and parameters: {'depth': 4, 'learning_rate': 0.09273146363606355, 'iterations': 2402, 'l2_leaf_reg': 8.98655264400719, 'random_strength': 7.70967179954561, 'bagging_temperature': 4.937955963643907, 'border_count': 149, 'one_hot_max_size': 22, 'leaf_estimation_iterations': 1, 'min_data_in_leaf': 6}. Best is trial 6 with value: 0.4685940224265095.[0m
[32m[I 2026-08-02 12:37:19,556][0m Trial 10 finished with value: 0.46658529339615684 and parameters: {'depth': 6, 'learning_rate': 0.022168322047867128, 'iterations': 1795, 'l2_leaf_reg': 1.0727948694969782, 'random_strength': 0.231938040268318, 'bagging_temperature': 4.846329422187026, 'border_count': 246, 'one_hot_max_size': 49, 'leaf_estimation_iterations': 10, 'min_data_in_leaf': 50}. Best is trial 10 with value: 0.46658529339615684.[0m
[32m[I 2026-08-02 12:38:17,681][0m Trial 11 finished with value: 0.4626125132749367 and parameters: {'depth': 6, 'learning_rate': 0.021485925145192458, 'iterations': 1789, 'l2_leaf_reg': 1.1618660012301338, 'random_strength': 0.17969310408195732, 'bagging_temperature': 5.067513908237887, 'border_count': 253, 'one_hot_max_size': 50, 'leaf_estimation_iterations': 10, 'min_data_in_leaf': 49}. Best is trial 11 with value: 0.4626125132749367.[0m
[32m[I 2026-08-02 12:39:05,193][0m Trial 12 finished with value: 0.46946206338487545 and parameters: {'depth': 6, 'learning_rate': 0.026560778568023646, 'iterations': 1808, 'l2_leaf_reg': 1.1037556837656008, 'random_strength': 0.15167704974627264, 'bagging_temperature': 4.128640659788479, 'border_count': 254, 'one_hot_max_size': 50, 'leaf_estimation_iterations': 10, 'min_data_in_leaf': 50}. Best is trial 11 with value: 0.4626125132749367.[0m
[32m[I 2026-08-02 12:40:54,863][0m Trial 13 finished with value: 0.4803025642360882 and parameters: {'depth': 7, 'learning_rate': 0.005243367828857664, 'iterations': 1859, 'l2_leaf_reg': 1.89564905438517, 'random_strength': 0.27259499039617857, 'bagging_temperature': 3.1003722710560164, 'border_count': 254, 'one_hot_max_size': 49, 'leaf_estimation_iterations': 10, 'min_data_in_leaf': 41}. Best is trial 11 with value: 0.4626125132749367.[0m
[32m[I 2026-08-02 12:41:35,476][0m Trial 14 finished with value: 0.4650510773646748 and parameters: {'depth': 5, 'learning_rate': 0.0234705823565101, 'iterations': 1852, 'l2_leaf_reg': 2.1668048358281284, 'random_strength': 0.26750477518112403, 'bagging_temperature': 5.995295581865306, 'border_count': 219, 'one_hot_max_size': 39, 'leaf_estimation_iterations': 9, 'min_data_in_leaf': 41}. Best is trial 11 with value: 0.4626125132749367.[0m
[32m[I 2026-08-02 12:41:58,658][0m Trial 15 finished with value: 0.47043916903071414 and parameters: {'depth': 5, 'learning_rate': 0.04473545059175715, 'iterations': 1360, 'l2_leaf_reg': 2.8646360758570206, 'random_strength': 1.351536993636897, 'bagging_temperature': 0.20913566483403923, 'border_count': 214, 'one_hot_max_size': 38, 'leaf_estimation_iterations': 8, 'min_data_in_leaf': 39}. Best is trial 11 with value: 0.4626125132749367.[0m
[32m[I 2026-08-02 12:43:01,388][0m Trial 16 finished with value: 0.47059257864008563 and parameters: {'depth': 5, 'learning_rate': 0.020244065449116586, 'iterations': 2070, 'l2_leaf_reg': 1.7487954147906717, 'random_strength': 4.36206171037035, 'bagging_temperature': 6.253453045257585, 'border_count': 163, 'one_hot_max_size': 35, 'leaf_estimation_iterations': 8, 'min_data_in_leaf': 33}. Best is trial 11 with value: 0.4626125132749367.[0m
[32m[I 2026-08-02 12:43:31,650][0m Trial 17 finished with value: 0.46217729100182103 and parameters: {'depth': 5, 'learning_rate': 0.03664217743180425, 'iterations': 1566, 'l2_leaf_reg': 5.957481434357551, 'random_strength': 1.2271833662437888, 'bagging_temperature': 9.026571487153403, 'border_count': 224, 'one_hot_max_size': 43, 'leaf_estimation_iterations': 9, 'min_data_in_leaf': 42}. Best is trial 17 with value: 0.46217729100182103.[0m
[32m[I 2026-08-02 12:44:26,576][0m Trial 18 finished with value: 0.4649881435168478 and parameters: {'depth': 7, 'learning_rate': 0.050100803649528576, 'iterations': 1482, 'l2_leaf_reg': 9.25334817810624, 'random_strength': 4.10409459471022, 'bagging_temperature': 9.793335500402202, 'border_count': 178, 'one_hot_max_size': 44, 'leaf_estimation_iterations': 9, 'min_data_in_leaf': 44}. Best is trial 17 with value: 0.46217729100182103.[0m
[32m[I 2026-08-02 12:45:06,289][0m Trial 19 finished with value: 0.4709951636563624 and parameters: {'depth': 7, 'learning_rate': 0.09707738723601814, 'iterations': 1073, 'l2_leaf_reg': 17.221222833973332, 'random_strength': 1.4677457368035614, 'bagging_temperature': 8.570654569467807, 'border_count': 230, 'one_hot_max_size': 44, 'leaf_estimation_iterations': 8, 'min_data_in_leaf': 32}. Best is trial 17 with value: 0.46217729100182103.[0m
[32m[I 2026-08-02 12:45:24,722][0m Trial 20 finished with value: 0.4745983466205332 and parameters: {'depth': 5, 'learning_rate': 0.03429239832121314, 'iterations': 852, 'l2_leaf_reg': 5.376676144451148, 'random_strength': 3.3908721964266633, 'bagging_temperature': 7.2961342041232555, 'border_count': 134, 'one_hot_max_size': 17, 'leaf_estimation_iterations': 4, 'min_data_in_leaf': 45}. Best is trial 17 with value: 0.46217729100182103.[0m
[32m[I 2026-08-02 12:46:39,489][0m Trial 21 finished with value: 0.46610662904656747 and parameters: {'depth': 7, 'learning_rate': 0.05346032535398698, 'iterations': 1536, 'l2_leaf_reg': 8.211595358810351, 'random_strength': 4.654244994256224, 'bagging_temperature': 9.974698284809733, 'border_count': 194, 'one_hot_max_size': 45, 'leaf_estimation_iterations': 9, 'min_data_in_leaf': 44}. Best is trial 17 with value: 0.46217729100182103.[0m
[32m[I 2026-08-02 12:48:15,379][0m Trial 22 finished with value: 0.4725736529897544 and parameters: {'depth': 8, 'learning_rate': 0.06537919890772159, 'iterations': 1551, 'l2_leaf_reg': 13.191318486521244, 'random_strength': 2.0953201414079468, 'bagging_temperature': 9.656825105431013, 'border_count': 182, 'one_hot_max_size': 44, 'leaf_estimation_iterations': 9, 'min_data_in_leaf': 45}. Best is trial 17 with value: 0.46217729100182103.[0m
[32m[I 2026-08-02 12:49:46,174][0m Trial 23 finished with value: 0.46532586295440037 and parameters: {'depth': 7, 'learning_rate': 0.03433112966773413, 'iterations': 1580, 'l2_leaf_reg': 6.583601809584597, 'random_strength': 3.69299932916429, 'bagging_temperature': 8.871880222673191, 'border_count': 174, 'one_hot_max_size': 33, 'leaf_estimation_iterations': 10, 'min_data_in_leaf': 29}. Best is trial 17 with value: 0.46217729100182103.[0m
[32m[I 2026-08-02 12:50:59,883][0m Trial 24 finished with value: 0.46802600522851046 and parameters: {'depth': 6, 'learning_rate': 0.015273113923258197, 'iterations': 2151, 'l2_leaf_reg': 17.611015316716916, 'random_strength': 5.637031047995807, 'bagging_temperature': 8.473934049857514, 'border_count': 230, 'one_hot_max_size': 47, 'leaf_estimation_iterations': 8, 'min_data_in_leaf': 46}. Best is trial 17 with value: 0.46217729100182103.[0m
[32m[I 2026-08-02 12:51:03,528][0m Trial 25 pruned. [0m
[32m[I 2026-08-02 12:51:35,402][0m Trial 26 finished with value: 0.47009095318862426 and parameters: {'depth': 7, 'learning_rate': 0.07683813331378528, 'iterations': 1638, 'l2_leaf_reg': 6.31947381780372, 'random_strength': 1.09123808176284, 'bagging_temperature': 9.272191689294647, 'border_count': 134, 'one_hot_max_size': 36, 'leaf_estimation_iterations': 7, 'min_data_in_leaf': 41}. Best is trial 17 with value: 0.46217729100182103.[0m
[32m[I 2026-08-02 12:52:23,014][0m Trial 27 finished with value: 0.4688366435208546 and parameters: {'depth': 6, 'learning_rate': 0.047946263221179924, 'iterations': 2059, 'l2_leaf_reg': 12.285229187288097, 'random_strength': 2.232531849420982, 'bagging_temperature': 9.961465663320622, 'border_count': 207, 'one_hot_max_size': 41, 'leaf_estimation_iterations': 10, 'min_data_in_leaf': 47}. Best is trial 17 with value: 0.46217729100182103.[0m
[32m[I 2026-08-02 12:54:22,030][0m Trial 28 finished with value: 0.46484047528388633 and parameters: {'depth': 8, 'learning_rate': 0.030171273524704632, 'iterations': 1424, 'l2_leaf_reg': 5.054524067128689, 'random_strength': 5.629669632224015, 'bagging_temperature': 7.813130294789264, 'border_count': 234, 'one_hot_max_size': 46, 'leaf_estimation_iterations': 9, 'min_data_in_leaf': 35}. Best is trial 17 with value: 0.46217729100182103.[0m
[32m[I 2026-08-02 12:57:51,425][0m Trial 29 finished with value: 0.4727020676845578 and parameters: {'depth': 9, 'learning_rate': 0.015823118075799766, 'iterations': 1113, 'l2_leaf_reg': 1.5513987785326957, 'random_strength': 9.982835861660028, 'bagging_temperature': 7.858727688199921, 'border_count': 239, 'one_hot_max_size': 46, 'leaf_estimation_iterations': 8, 'min_data_in_leaf': 34}. Best is trial 17 with value: 0.46217729100182103.[0m
[32m[I 2026-08-02 12:59:15,366][0m Trial 30 finished with value: 0.46935202849503127 and parameters: {'depth': 8, 'learning_rate': 0.02888802230731101, 'iterations': 863, 'l2_leaf_reg': 2.743325836512712, 'random_strength': 8.771426834106267, 'bagging_temperature': 2.931847216401675, 'border_count': 220, 'one_hot_max_size': 50, 'leaf_estimation_iterations': 7, 'min_data_in_leaf': 26}. Best is trial 17 with value: 0.46217729100182103.[0m
[32m[I 2026-08-02 13:02:47,093][0m Trial 31 finished with value: 0.4732598070495257 and parameters: {'depth': 9, 'learning_rate': 0.040782665164698, 'iterations': 1453, 'l2_leaf_reg': 5.046968171683378, 'random_strength': 5.729523372185769, 'bagging_temperature': 9.012063575131116, 'border_count': 186, 'one_hot_max_size': 43, 'leaf_estimation_iterations': 9, 'min_data_in_leaf': 37}. Best is trial 17 with value: 0.46217729100182103.[0m
[32m[I 2026-08-02 13:04:05,476][0m Trial 32 finished with value: 0.46912257575695737 and parameters: {'depth': 6, 'learning_rate': 0.01794023659071999, 'iterations': 1743, 'l2_leaf_reg': 7.358637990789142, 'random_strength': 6.567124812940915, 'bagging_temperature': 8.137106213012103, 'border_count': 162, 'one_hot_max_size': 47, 'leaf_estimation_iterations': 10, 'min_data_in_leaf': 41}. Best is trial 17 with value: 0.46217729100182103.[0m
[32m[I 2026-08-02 13:05:14,335][0m Trial 33 finished with value: 0.4623366353514971 and parameters: {'depth': 7, 'learning_rate': 0.030813102034466206, 'iterations': 1250, 'l2_leaf_reg': 10.974412879592348, 'random_strength': 5.100437072676067, 'bagging_temperature': 1.4810066541606135, 'border_count': 242, 'one_hot_max_size': 39, 'leaf_estimation_iterations': 9, 'min_data_in_leaf': 30}. Best is trial 17 with value: 0.46217729100182103.[0m
[32m[I 2026-08-02 13:07:11,117][0m Trial 34 finished with value: 0.46759244335569344 and parameters: {'depth': 8, 'learning_rate': 0.028565972427942597, 'iterations': 1180, 'l2_leaf_reg': 11.708783632972747, 'random_strength': 5.128866894400712, 'bagging_temperature': 1.3968705468561469, 'border_count': 243, 'one_hot_max_size': 30, 'leaf_estimation_iterations': 6, 'min_data_in_leaf': 30}. Best is trial 17 with value: 0.46217729100182103.[0m
[32m[I 2026-08-02 13:07:17,335][0m Trial 35 pruned. [0m
[32m[I 2026-08-02 13:09:29,026][0m Trial 36 finished with value: 0.47169980638276254 and parameters: {'depth': 8, 'learning_rate': 0.012763510090742168, 'iterations': 1315, 'l2_leaf_reg': 4.417147974192164, 'random_strength': 6.3399167186579755, 'bagging_temperature': 0.30534704318773276, 'border_count': 237, 'one_hot_max_size': 41, 'leaf_estimation_iterations': 8, 'min_data_in_leaf': 28}. Best is trial 17 with value: 0.46217729100182103.[0m
[32m[I 2026-08-02 13:10:31,398][0m Trial 37 finished with value: 0.46592412242476333 and parameters: {'depth': 7, 'learning_rate': 0.032935870215794014, 'iterations': 1978, 'l2_leaf_reg': 22.941026978509193, 'random_strength': 5.078298742775283, 'bagging_temperature': 4.099708100491066, 'border_count': 32, 'one_hot_max_size': 47, 'leaf_estimation_iterations': 10, 'min_data_in_leaf': 36}. Best is trial 17 with value: 0.46217729100182103.[0m
[32m[I 2026-08-02 13:15:33,616][0m Trial 38 finished with value: 0.46882470182076014 and parameters: {'depth': 9, 'learning_rate': 0.01986819922002648, 'iterations': 2265, 'l2_leaf_reg': 3.3118558092381036, 'random_strength': 0.7535263136997603, 'bagging_temperature': 1.1648078965321425, 'border_count': 250, 'one_hot_max_size': 29, 'leaf_estimation_iterations': 9, 'min_data_in_leaf': 35}. Best is trial 17 with value: 0.46217729100182103.[0m
[32m[I 2026-08-02 13:15:43,126][0m Trial 39 pruned. [0m
[32m[I 2026-08-02 13:15:51,238][0m Trial 40 pruned. [0m
[32m[I 2026-08-02 13:16:51,931][0m Trial 41 finished with value: 0.4696380785090312 and parameters: {'depth': 7, 'learning_rate': 0.05711838363966193, 'iterations': 1426, 'l2_leaf_reg': 10.042623800700216, 'random_strength': 4.70669573525214, 'bagging_temperature': 9.509657704546274, 'border_count': 210, 'one_hot_max_size': 43, 'leaf_estimation_iterations': 9, 'min_data_in_leaf': 47}. Best is trial 17 with value: 0.46217729100182103.[0m
[32m[I 2026-08-02 13:18:58,167][0m Trial 42 finished with value: 0.46795347173013224 and parameters: {'depth': 8, 'learning_rate': 0.040759687000846076, 'iterations': 1423, 'l2_leaf_reg': 9.707421151882688, 'random_strength': 3.981299018902347, 'bagging_temperature': 7.491561892001294, 'border_count': 242, 'one_hot_max_size': 40, 'leaf_estimation_iterations': 9, 'min_data_in_leaf': 43}. Best is trial 17 with value: 0.46217729100182103.[0m
[32m[I 2026-08-02 13:20:21,776][0m Trial 43 finished with value: 0.4634007467802497 and parameters: {'depth': 7, 'learning_rate': 0.026363891509078467, 'iterations': 1920, 'l2_leaf_reg': 5.668418849400821, 'random_strength': 2.7519715023733946, 'bagging_temperature': 2.377947789163591, 'border_count': 255, 'one_hot_max_size': 43, 'leaf_estimation_iterations': 10, 'min_data_in_leaf': 39}. Best is trial 17 with value: 0.46217729100182103.[0m
[32m[I 2026-08-02 13:21:20,265][0m Trial 44 finished with value: 0.4642812741695863 and parameters: {'depth': 6, 'learning_rate': 0.02434574256912228, 'iterations': 1932, 'l2_leaf_reg': 5.283417351953435, 'random_strength': 2.4988091000645087, 'bagging_temperature': 2.4756902110174983, 'border_count': 255, 'one_hot_max_size': 47, 'leaf_estimation_iterations': 10, 'min_data_in_leaf': 31}. Best is trial 17 with value: 0.46217729100182103.[0m
[32m[I 2026-08-02 13:22:18,544][0m Trial 45 finished with value: 0.4624718823595847 and parameters: {'depth': 6, 'learning_rate': 0.024552860812431306, 'iterations': 1938, 'l2_leaf_reg': 3.8536917946345755, 'random_strength': 2.4637374040836466, 'bagging_temperature': 1.9602832955466085, 'border_count': 255, 'one_hot_max_size': 49, 'leaf_estimation_iterations': 10, 'min_data_in_leaf': 31}. Best is trial 17 with value: 0.46217729100182103.[0m
[32m[I 2026-08-02 13:23:54,556][0m Trial 46 finished with value: 0.46496530305933703 and parameters: {'depth': 6, 'learning_rate': 0.013031589196579438, 'iterations': 2935, 'l2_leaf_reg': 3.7558256812971504, 'random_strength': 2.9157240862364393, 'bagging_temperature': 0.9837119124794382, 'border_count': 246, 'one_hot_max_size': 50, 'leaf_estimation_iterations': 10, 'min_data_in_leaf': 23}. Best is trial 17 with value: 0.46217729100182103.[0m
[32m[I 2026-08-02 13:24:53,862][0m Trial 47 finished with value: 0.4637550137131556 and parameters: {'depth': 6, 'learning_rate': 0.017417740622929195, 'iterations': 2476, 'l2_leaf_reg': 2.469151431458531, 'random_strength': 0.7717035386150526, 'bagging_temperature': 1.9985835305930515, 'border_count': 87, 'one_hot_max_size': 38, 'leaf_estimation_iterations': 10, 'min_data_in_leaf': 38}. Best is trial 17 with value: 0.46217729100182103.[0m
[32m[I 2026-08-02 13:25:38,002][0m Trial 48 finished with value: 0.46941531679354637 and parameters: {'depth': 5, 'learning_rate': 0.023487154206381103, 'iterations': 2279, 'l2_leaf_reg': 6.5742005163652415, 'random_strength': 1.8112613562519924, 'bagging_temperature': 0.7580462135210366, 'border_count': 255, 'one_hot_max_size': 42, 'leaf_estimation_iterations': 10, 'min_data_in_leaf': 49}. Best is trial 17 with value: 0.46217729100182103.[0m
