============================================================
catboost — 运行开始  20260804_184720
  输出目录:  runs\AW_ST_CMC\AW_ST_CMC_catboost_20260804_184720
============================================================
============================================================
CatBoost + PharmHGT-style Featurization for AW_ST_CMC Prediction
============================================================
[Cache HIT] Loading features from data\features\surfpro\AW_ST_CMC
  Train features: (843, 522)
  Test features:  (70, 522)

Split: Train 737, Val 106, Test 70

============================================================
Optuna Hyperparameter Tuning (50 trials, 5-Fold CV)
============================================================
[32m[I 2026-08-04 18:47:30,996][0m Trial 0 finished with value: 4.044287235860411 and parameters: {'depth': 6, 'learning_rate': 0.24517932047070642, 'iterations': 2330, 'l2_leaf_reg': 10.401663679887308, 'random_strength': 1.5601864044243652, 'bagging_temperature': 1.5599452033620265, 'border_count': 45, 'one_hot_max_size': 44, 'leaf_estimation_iterations': 7, 'min_data_in_leaf': 36}. Best is trial 0 with value: 4.044287235860411.[0m
[32m[I 2026-08-04 18:47:36,242][0m Trial 1 finished with value: 4.29196341815046 and parameters: {'depth': 4, 'learning_rate': 0.2652261985899886, 'iterations': 2581, 'l2_leaf_reg': 2.2948683681130553, 'random_strength': 1.8182496720710062, 'bagging_temperature': 1.8340450985343382, 'border_count': 100, 'one_hot_max_size': 27, 'leaf_estimation_iterations': 5, 'min_data_in_leaf': 15}. Best is trial 0 with value: 4.044287235860411.[0m
[32m[I 2026-08-04 18:49:17,489][0m Trial 2 finished with value: 4.0581370607589164 and parameters: {'depth': 8, 'learning_rate': 0.008851384099881301, 'iterations': 1230, 'l2_leaf_reg': 4.192159350410974, 'random_strength': 4.56069984217036, 'bagging_temperature': 7.851759613930136, 'border_count': 76, 'one_hot_max_size': 27, 'leaf_estimation_iterations': 6, 'min_data_in_leaf': 3}. Best is trial 0 with value: 4.044287235860411.[0m
[32m[I 2026-08-04 18:50:02,707][0m Trial 3 finished with value: 4.741351718433826 and parameters: {'depth': 8, 'learning_rate': 0.0100505004670421, 'iterations': 662, 'l2_leaf_reg': 40.938136085987814, 'random_strength': 9.656320330745594, 'bagging_temperature': 8.08397348116461, 'border_count': 100, 'one_hot_max_size': 6, 'leaf_estimation_iterations': 7, 'min_data_in_leaf': 23}. Best is trial 0 with value: 4.044287235860411.[0m
[32m[I 2026-08-04 18:50:10,666][0m Trial 4 finished with value: 4.306810256672611 and parameters: {'depth': 4, 'learning_rate': 0.03797252233376349, 'iterations': 586, 'l2_leaf_reg': 35.06776499297218, 'random_strength': 2.587799816000169, 'bagging_temperature': 6.62522284353982, 'border_count': 101, 'one_hot_max_size': 27, 'leaf_estimation_iterations': 6, 'min_data_in_leaf': 10}. Best is trial 0 with value: 4.044287235860411.[0m
[32m[I 2026-08-04 18:58:52,029][0m Trial 5 finished with value: 3.9107243351100984 and parameters: {'depth': 10, 'learning_rate': 0.11947399979512872, 'iterations': 2849, 'l2_leaf_reg': 33.13483615508948, 'random_strength': 5.978999788110851, 'bagging_temperature': 9.218742350231167, 'border_count': 51, 'one_hot_max_size': 11, 'leaf_estimation_iterations': 1, 'min_data_in_leaf': 17}. Best is trial 5 with value: 3.9107243351100984.[0m
[32m[I 2026-08-04 19:00:13,829][0m Trial 6 finished with value: 3.997048578015929 and parameters: {'depth': 6, 'learning_rate': 0.015186917176306207, 'iterations': 2572, 'l2_leaf_reg': 4.037506188440754, 'random_strength': 2.8093450968738076, 'bagging_temperature': 5.426960831582485, 'border_count': 63, 'one_hot_max_size': 41, 'leaf_estimation_iterations': 1, 'min_data_in_leaf': 50}. Best is trial 5 with value: 3.9107243351100984.[0m
[32m[I 2026-08-04 19:01:00,872][0m Trial 7 pruned. [0m
[32m[I 2026-08-04 19:08:58,769][0m Trial 8 finished with value: 3.857342197640443 and parameters: {'depth': 10, 'learning_rate': 0.06416354462323627, 'iterations': 1327, 'l2_leaf_reg': 1.2822825454807552, 'random_strength': 3.109823217156622, 'bagging_temperature': 3.2518332202674705, 'border_count': 195, 'one_hot_max_size': 33, 'leaf_estimation_iterations': 9, 'min_data_in_leaf': 24}. Best is trial 8 with value: 3.857342197640443.[0m
[32m[I 2026-08-04 19:09:28,502][0m Trial 9 finished with value: 4.011991685313356 and parameters: {'depth': 4, 'learning_rate': 0.09273146363606355, 'iterations': 2402, 'l2_leaf_reg': 8.98655264400719, 'random_strength': 7.70967179954561, 'bagging_temperature': 4.937955963643907, 'border_count': 149, 'one_hot_max_size': 22, 'leaf_estimation_iterations': 1, 'min_data_in_leaf': 6}. Best is trial 8 with value: 3.857342197640443.[0m
[32m[I 2026-08-04 19:09:41,636][0m Trial 10 pruned. [0m
[32m[I 2026-08-04 19:17:05,525][0m Trial 11 finished with value: 3.86673396770028 and parameters: {'depth': 10, 'learning_rate': 0.09711254766582705, 'iterations': 1767, 'l2_leaf_reg': 15.205761712706984, 'random_strength': 5.15822493205811, 'bagging_temperature': 9.355618760814249, 'border_count': 164, 'one_hot_max_size': 15, 'leaf_estimation_iterations': 10, 'min_data_in_leaf': 20}. Best is trial 8 with value: 3.857342197640443.[0m
[32m[I 2026-08-04 19:24:54,303][0m Trial 12 finished with value: 3.863958130126915 and parameters: {'depth': 10, 'learning_rate': 0.06529919948309804, 'iterations': 1672, 'l2_leaf_reg': 1.2493159557037972, 'random_strength': 4.138057754371269, 'bagging_temperature': 0.33585884934472254, 'border_count': 170, 'one_hot_max_size': 17, 'leaf_estimation_iterations': 10, 'min_data_in_leaf': 31}. Best is trial 8 with value: 3.857342197640443.[0m
[32m[I 2026-08-04 19:28:48,428][0m Trial 13 finished with value: 3.846196557956359 and parameters: {'depth': 9, 'learning_rate': 0.04180926070737687, 'iterations': 1330, 'l2_leaf_reg': 1.0946846247461801, 'random_strength': 4.009559696820441, 'bagging_temperature': 0.23105446154610768, 'border_count': 180, 'one_hot_max_size': 35, 'leaf_estimation_iterations': 9, 'min_data_in_leaf': 37}. Best is trial 13 with value: 3.846196557956359.[0m
[32m[I 2026-08-04 19:31:24,220][0m Trial 14 finished with value: 3.8284984918103824 and parameters: {'depth': 8, 'learning_rate': 0.03207943742334797, 'iterations': 1339, 'l2_leaf_reg': 1.911063668346685, 'random_strength': 3.3096660035046597, 'bagging_temperature': 2.9460055237393634, 'border_count': 208, 'one_hot_max_size': 35, 'leaf_estimation_iterations': 8, 'min_data_in_leaf': 41}. Best is trial 14 with value: 3.8284984918103824.[0m
[32m[I 2026-08-04 19:32:01,975][0m Trial 15 pruned. [0m
[32m[I 2026-08-04 19:32:45,183][0m Trial 16 pruned. [0m
[32m[I 2026-08-04 19:37:22,199][0m Trial 17 finished with value: 3.855635486384606 and parameters: {'depth': 9, 'learning_rate': 0.020112335061515732, 'iterations': 2049, 'l2_leaf_reg': 4.099993204480417, 'random_strength': 3.769959707663782, 'bagging_temperature': 3.5670396970807094, 'border_count': 137, 'one_hot_max_size': 41, 'leaf_estimation_iterations': 8, 'min_data_in_leaf': 48}. Best is trial 14 with value: 3.8284984918103824.[0m
[32m[I 2026-08-04 19:38:26,975][0m Trial 18 finished with value: 3.927374303518915 and parameters: {'depth': 7, 'learning_rate': 0.044669659949201954, 'iterations': 993, 'l2_leaf_reg': 1.7141052582243057, 'random_strength': 1.4267708343824643, 'bagging_temperature': 1.079455384005984, 'border_count': 226, 'one_hot_max_size': 32, 'leaf_estimation_iterations': 4, 'min_data_in_leaf': 35}. Best is trial 14 with value: 3.8284984918103824.[0m
[32m[I 2026-08-04 19:39:23,413][0m Trial 19 pruned. [0m
[32m[I 2026-08-04 19:40:36,540][0m Trial 20 finished with value: 3.8758863604178773 and parameters: {'depth': 7, 'learning_rate': 0.02491455658907615, 'iterations': 1541, 'l2_leaf_reg': 1.6567272133464697, 'random_strength': 8.506171326413018, 'bagging_temperature': 2.457500180416704, 'border_count': 134, 'one_hot_max_size': 39, 'leaf_estimation_iterations': 9, 'min_data_in_leaf': 38}. Best is trial 14 with value: 3.8284984918103824.[0m
[32m[I 2026-08-04 19:45:17,021][0m Trial 21 finished with value: 3.844864604364826 and parameters: {'depth': 9, 'learning_rate': 0.01924819698816105, 'iterations': 2023, 'l2_leaf_reg': 6.381174436189753, 'random_strength': 3.5211471001805053, 'bagging_temperature': 4.078056277980399, 'border_count': 140, 'one_hot_max_size': 44, 'leaf_estimation_iterations': 8, 'min_data_in_leaf': 50}. Best is trial 14 with value: 3.8284984918103824.[0m
[32m[I 2026-08-04 19:50:35,068][0m Trial 22 finished with value: 3.8527433291179256 and parameters: {'depth': 9, 'learning_rate': 0.054474020735622845, 'iterations': 2036, 'l2_leaf_reg': 7.628165368147569, 'random_strength': 3.3613140344277332, 'bagging_temperature': 5.705366673620479, 'border_count': 172, 'one_hot_max_size': 46, 'leaf_estimation_iterations': 7, 'min_data_in_leaf': 45}. Best is trial 14 with value: 3.8284984918103824.[0m
[32m[I 2026-08-04 19:51:55,000][0m Trial 23 pruned. [0m
[32m[I 2026-08-04 19:56:41,548][0m Trial 24 finished with value: 3.8673002585179383 and parameters: {'depth': 9, 'learning_rate': 0.016575209637596684, 'iterations': 1150, 'l2_leaf_reg': 1.008971131062467, 'random_strength': 2.226649356537181, 'bagging_temperature': 2.7624478949308626, 'border_count': 224, 'one_hot_max_size': 39, 'leaf_estimation_iterations': 9, 'min_data_in_leaf': 41}. Best is trial 14 with value: 3.8284984918103824.[0m
[32m[I 2026-08-04 19:58:36,970][0m Trial 25 pruned. [0m
[32m[I 2026-08-04 20:00:18,951][0m Trial 26 pruned. [0m
[32m[I 2026-08-04 20:01:03,915][0m Trial 27 pruned. [0m
[32m[I 2026-08-04 20:04:15,555][0m Trial 28 finished with value: 3.8564437314149584 and parameters: {'depth': 8, 'learning_rate': 0.020082648597861158, 'iterations': 1574, 'l2_leaf_reg': 2.8715416306135, 'random_strength': 3.6455170913172137, 'bagging_temperature': 0.7632519290370219, 'border_count': 205, 'one_hot_max_size': 42, 'leaf_estimation_iterations': 8, 'min_data_in_leaf': 27}. Best is trial 14 with value: 3.8284984918103824.[0m
[32m[I 2026-08-04 20:14:35,842][0m Trial 29 pruned. [0m
[32m[I 2026-08-04 20:14:41,089][0m Trial 30 pruned. [0m
[32m[I 2026-08-04 20:16:34,138][0m Trial 31 pruned. [0m
[32m[I 2026-08-04 20:19:56,387][0m Trial 32 pruned. [0m
[32m[I 2026-08-04 20:22:24,594][0m Trial 33 pruned. [0m
[32m[I 2026-08-04 20:25:45,302][0m Trial 34 finished with value: 3.8594696796126184 and parameters: {'depth': 9, 'learning_rate': 0.03171084378306219, 'iterations': 1189, 'l2_leaf_reg': 7.566049809905907, 'random_strength': 2.434163030925903, 'bagging_temperature': 5.6418441628240235, 'border_count': 156, 'one_hot_max_size': 43, 'leaf_estimation_iterations': 7, 'min_data_in_leaf': 47}. Best is trial 14 with value: 3.8284984918103824.[0m
[32m[I 2026-08-04 20:26:54,088][0m Trial 35 pruned. [0m
[32m[I 2026-08-04 20:35:16,073][0m Trial 36 pruned. [0m
[32m[I 2026-08-04 20:37:39,262][0m Trial 37 finished with value: 3.842610645923032 and parameters: {'depth': 9, 'learning_rate': 0.08019955948584327, 'iterations': 1339, 'l2_leaf_reg': 22.69931459376529, 'random_strength': 3.4516118034340995, 'bagging_temperature': 1.6569534690254106, 'border_count': 32, 'one_hot_max_size': 26, 'leaf_estimation_iterations': 6, 'min_data_in_leaf': 50}. Best is trial 14 with value: 3.8284984918103824.[0m
[32m[I 2026-08-04 20:37:53,804][0m Trial 38 pruned. [0m
[32m[I 2026-08-04 20:39:47,137][0m Trial 39 pruned. [0m
[32m[I 2026-08-04 20:40:58,034][0m Trial 40 pruned. [0m
[32m[I 2026-08-04 20:41:48,097][0m Trial 41 pruned. [0m
[32m[I 2026-08-04 20:44:37,803][0m Trial 42 finished with value: 3.9112562985968884 and parameters: {'depth': 8, 'learning_rate': 0.059776478709787174, 'iterations': 2518, 'l2_leaf_reg': 1.9858465850427192, 'random_strength': 4.270971381805476, 'bagging_temperature': 8.26743955067558, 'border_count': 208, 'one_hot_max_size': 20, 'leaf_estimation_iterations': 7, 'min_data_in_leaf': 49}. Best is trial 14 with value: 3.8284984918103824.[0m
[32m[I 2026-08-04 20:50:53,532][0m Trial 43 finished with value: 3.905045147960906 and parameters: {'depth': 9, 'learning_rate': 0.04750541615133501, 'iterations': 2771, 'l2_leaf_reg': 3.5386964106359087, 'random_strength': 3.2320907631557025, 'bagging_temperature': 2.932881984554503, 'border_count': 192, 'one_hot_max_size': 48, 'leaf_estimation_iterations': 9, 'min_data_in_leaf': 46}. Best is trial 14 with value: 3.8284984918103824.[0m
[32m[I 2026-08-04 21:01:10,616][0m Trial 44 pruned. [0m
[32m[I 2026-08-04 21:03:18,125][0m Trial 45 finished with value: 3.8898900190848864 and parameters: {'depth': 9, 'learning_rate': 0.07996719848171857, 'iterations': 1276, 'l2_leaf_reg': 1.4742405090513928, 'random_strength': 3.447290514728481, 'bagging_temperature': 5.090050022682743, 'border_count': 51, 'one_hot_max_size': 41, 'leaf_estimation_iterations': 7, 'min_data_in_leaf': 48}. Best is trial 14 with value: 3.8284984918103824.[0m
[32m[I 2026-08-04 21:04:16,815][0m Trial 46 pruned. [0m
[32m[I 2026-08-04 21:13:59,574][0m Trial 47 finished with value: 3.85200114153089 and parameters: {'depth': 10, 'learning_rate': 0.02891998377930315, 'iterations': 1452, 'l2_leaf_reg': 5.399124038283905, 'random_strength': 0.7225399917370754, 'bagging_temperature': 3.6156213728586315, 'border_count': 215, 'one_hot_max_size': 28, 'leaf_estimation_iterations': 8, 'min_data_in_leaf': 42}. Best is trial 14 with value: 3.8284984918103824.[0m
[32m[I 2026-08-04 21:21:24,625][0m Trial 48 pruned. [0m
[32m[I 2026-08-04 21:31:04,400][0m Trial 49 pruned. [0m

------------------------------------------------------------
All Trial CV Results:
Trial  Mean RMSE  Std RMSE  CV Scores
------------------------------------------------------------
    0     4.0443
    1     4.2920
    2     4.0581
    3     4.7414
    4     4.3068
    5     3.9107
    6     3.9970
    7     4.7673
    8     3.8573
    9     4.0120
   10     4.1445
   11     3.8667
   12     3.8640
   13     3.8462
   14     3.8285
   15     4.1288
   16     4.4571
   17     3.8556
   18     3.9274
   19     4.1699
   20     3.8759
   21     3.8449
   22     3.8527
   23     3.8815
   24     3.8673
   25     3.8817
   26     3.8862
   27     4.0385
   28     3.8564
   29     3.9373
   30     4.1999
   31     4.0865
   32     3.8875
   33     3.8744
   34     3.8595
   35     3.8821
   36     3.8814
   37     3.8426
   38     4.1054
   39     3.8728
   40     4.3563
   41     4.0649
   42     3.9113
   43     3.9050
   44     3.9075
   45     3.8899
   46     3.9028
   47     3.8520
   48     3.9239
   49     3.8891
------------------------------------------------------------

=== Best Trial ===
  CV RMSE: 3.828498
  Params:  {'depth': 8, 'learning_rate': 0.03207943742334797, 'iterations': 1339, 'l2_leaf_reg': 1.911063668346685, 'random_strength': 3.3096660035046597, 'bagging_temperature': 2.9460055237393634, 'border_count': 208, 'one_hot_max_size': 35, 'leaf_estimation_iterations': 8, 'min_data_in_leaf': 41}

Parameter Importance:
  l2_leaf_reg: 0.2614
  min_data_in_leaf: 0.2181
  iterations: 0.1969
  depth: 0.1799
  learning_rate: 0.0503
  one_hot_max_size: 0.0379
  leaf_estimation_iterations: 0.0316
  random_strength: 0.0161
  border_count: 0.0052
  bagging_temperature: 0.0026

============================================================
Training Final Model with Best Hyperparameters
============================================================
0:	learn: 7.1489577	test: 6.8842939	best: 6.8842939 (0)	total: 17.4ms	remaining: 52.3s
50:	learn: 4.7598191	test: 5.0507814	best: 5.0507814 (50)	total: 1.23s	remaining: 1m 11s
100:	learn: 3.9202516	test: 4.6389122	best: 4.6389122 (100)	total: 2.56s	remaining: 1m 13s
150:	learn: 3.3493931	test: 4.3915213	best: 4.3915213 (150)	total: 3.85s	remaining: 1m 12s
200:	learn: 2.9183295	test: 4.2472984	best: 4.2472984 (200)	total: 5.15s	remaining: 1m 11s
250:	learn: 2.4605357	test: 4.1322253	best: 4.1322253 (250)	total: 6.45s	remaining: 1m 10s
300:	learn: 1.9695399	test: 4.0520679	best: 4.0520679 (300)	total: 7.68s	remaining: 1m 8s
350:	learn: 1.6271150	test: 4.0202375	best: 4.0202375 (350)	total: 8.92s	remaining: 1m 7s
400:	learn: 1.3494791	test: 3.9747955	best: 3.9710723 (392)	total: 10.2s	remaining: 1m 6s
450:	learn: 1.1302067	test: 3.9298348	best: 3.9298348 (450)	total: 11.5s	remaining: 1m 5s
500:	learn: 0.9596788	test: 3.9183829	best: 3.9106626 (490)	total: 12.8s	remaining: 1m 3s
550:	learn: 0.8235135	test: 3.9129302	best: 3.9093206 (546)	total: 14.1s	remaining: 1m 2s
600:	learn: 0.7054609	test: 3.9126698	best: 3.9093206 (546)	total: 15.4s	remaining: 1m 1s
650:	learn: 0.5984346	test: 3.9115069	best: 3.9088762 (641)	total: 16.7s	remaining: 1m
700:	learn: 0.5061833	test: 3.9060164	best: 3.9054937 (699)	total: 18s	remaining: 59.1s
750:	learn: 0.4452508	test: 3.9067171	best: 3.9052825 (737)	total: 19.3s	remaining: 57.9s
800:	learn: 0.3890776	test: 3.9045978	best: 3.9040677 (783)	total: 20.6s	remaining: 56.4s
850:	learn: 0.3357371	test: 3.9034200	best: 3.8999505 (828)	total: 21.8s	remaining: 55.1s
900:	learn: 0.2977743	test: 3.9032153	best: 3.8999505 (828)	total: 23.1s	remaining: 53.7s
950:	learn: 0.2622518	test: 3.9043278	best: 3.8999505 (828)	total: 24.3s	remaining: 52.4s
Stopped by overfitting detector  (150 iterations wait)

bestTest = 3.899950481
bestIteration = 828

Shrink model to first 829 iterations.

============================================================
Test Evaluation
============================================================
  Test MSE:  16.3270
  Test RMSE: 4.0407

============================================================
Top 20 Feature Importances
============================================================
   1. brics_30                   2.3
   2. MolWt                      2.2
   3. brics_2                    2.1
   4. atom_mean_3                1.8
   5. atom_std_38                1.6
   6. LogP                       1.6
   7. atom_mean_48               1.5
   8. HBD                        1.4
   9. atom_std_52                1.4
  10. atom_mean_38               1.4
  11. atom_std_25                1.4
  12. atom_mean_4                1.4
  13. atom_mean_35               1.3
  14. atom_mean_24               1.3
  15. tail_ratio                 1.3
  16. NAtoms                     1.2
  17. atom_std_48                1.2
  18. atom_std_20                1.2
  19. FracSP3                    1.1
  20. atom_std_44                1.1

Plot saved to runs\AW_ST_CMC\AW_ST_CMC_catboost_20260804_184720\pred_vs_true.png
Model saved to runs\AW_ST_CMC\AW_ST_CMC_catboost_20260804_184720\model.pkl

============================================================
SUMMARY - CatBoost + PharmHGT Features
============================================================
  Features:  522-dim (atom_agg + bond_agg + MACCS + BRICS + surfactant + descriptors)
  Train:     737 (val 106)
  Test:      70
  Optuna:    50 trials, 5-fold CV
  Best CV RMSE: 3.8285
  Test RMSE: 4.0407
  Test MAE:  2.8057
  Test R²:   0.6810

指标已保存: runs\AW_ST_CMC\AW_ST_CMC_catboost_20260804_184720\metrics.json
索引已更新: runs\AW_ST_CMC\_runs_index.csv
索引已更新: runs\_runs_index.csv
